Warning: duplicate option '-nosplit' overrides previous value. (CMD-018)
 
****************************************
Report : area
Design : riscv
Version: J-2014.09-SP4
Date   : Tue Feb 19 14:24:53 2019
****************************************

Library(s) Used:

    No libraries used.

Number of ports:                           34
Number of nets:                             1
Number of cells:                            0
Number of combinational cells:              0
Number of sequential cells:                 0
Number of macros/black boxes:               0
Number of buf/inv:                          0
Number of references:                       0

Combinational area:                  0.000000
Buf/Inv area:                        0.000000
Noncombinational area:               0.000000
Macro/Black Box area:                0.000000
Net Interconnect area:               6.994064

Total cell area:                     0.000000
Total area:                          6.994064

The above information was reported from the logical library. The following are from the physical library:

Hierarchical area distribution
------------------------------

                                  Global cell area          Local cell area
                                  ------------------  --------------------------- 
Hierarchical cell                 Absolute   Percent  Combi-    Noncombi-  Black-
                                  Total      Total    national  national   boxes   Design
--------------------------------  ---------  -------  --------  ---------  ------  ---------
riscv                                0.0000      0.0    0.0000     0.0000  0.0000  riscv
--------------------------------  ---------  -------  --------  ---------  ------  ---------
Total                                                   0.0000     0.0000  0.0000


Area of detected synthetic parts
--------------------------------
  No DW parts to report!

Estimated area of ungrouped synthetic parts
-------------------------------------------
                                      Estimated  Perc. of
  Module              Implem.  Count       Area cell area
  ------------------- -------  ----- ---------- ---------
  DP_OP_45J2_122_6278     str      1     0.0000      0.0%
  DW01_add            apparch      1     0.0000      0.0%
  DW_cmp              apparch      2    54.5901      0.0%
  DW_leftsh              astr      1   536.7517      0.0%
  DW_rightsh             astr      1   430.5201      0.0%
  ------------------- -------  ----- ---------- ---------
  DP_OP Subtotal:                  1     0.0000     -nan%
  Total:                           6  1021.8619      0.0%

Total synthetic cell area:              1021.8619  0.0%  (estimated)

1
