Information: Propagating switching activity (medium effort zero delay simulation). (PWR-6)
Warning: Design has unannotated primary inputs. (PWR-414)
Warning: Design has unannotated sequential cell outputs. (PWR-415)
Warning: Design has unannotated black box outputs. (PWR-428)
 
****************************************
Report : power
        -hier
        -analysis_effort medium
        -verbose
Design : riscv
Version: J-2014.09-SP4
Date   : Sat Mar 16 17:50:47 2019
****************************************


Library(s) Used:

    saed32lvt_tt1p05vn40c (File: /users/ugrad2/2012/spring/pooriam/libraries/saed32lvt_tt1p05vn40c.db)
    saed32sram_tt1p05vn40c (File: /users/ugrad2/2012/spring/pooriam/libraries/saed32sram_tt1p05vn40c.db)
    gtech (File: /ecelib/linware/synopsys15/dc/libraries/syn/gtech.db)


Operating Conditions: tt1p05vn40c   Library: saed32lvt_tt1p05vn40c
Wire Load Model Mode: enclosed

Design        Wire Load Model            Library
------------------------------------------------
riscv                  ForQA             saed32lvt_tt1p05vn40c
Datapath               ForQA             saed32lvt_tt1p05vn40c
instructionmemory      ForQA             saed32lvt_tt1p05vn40c
RegFile                16000             saed32lvt_tt1p05vn40c


Global Operating Voltage = 1.05 
Power-specific unit information :
    Voltage Units = 1V
    Capacitance Units = 1.000000ff
    Time Units = 1ns
    Dynamic Power Units = 1uW    (derived from V,C,T units)
    Leakage Power Units = 1pW


--------------------------------------------------------------------------------
                                       Switch   Int      Leak     Total
Hierarchy                              Power    Power    Power    Power    %
--------------------------------------------------------------------------------
riscv                                    30.187 2.51e+03 1.59e+10 1.85e+04 100.0
  dp (Datapath)                          29.189 2.51e+03 1.58e+10 1.83e+04  99.3
    rf (RegFile)                         10.458 1.64e+03 1.04e+10 1.21e+04  65.5
    instr_mem (instructionmemory)         0.654    0.000    0.000    0.654   0.0
      C37 (*MUX_OP_128_7_1)               0.277    0.000    0.000    0.277   0.0
1
