analyze -format sverilog {   adder.sv   flopr.sv   imm_Gen.sv   mux2.sv   datamemory.sv   instructionmemory.sv   ALUController.sv   alu.sv   RegFile.sv   Controller.sv   Datapath.sv   RISC_V.sv   Forward_Control.sv   Load_Use_Detection.sv   mux3.sv   Pipe_Reg.sv }
Running PRESTO HDLC
Searching for ./adder.sv
Searching for /ecelib/linware/synopsys15/dc/libraries/syn/adder.sv
Searching for /ecelib/linware/synopsys15/dc/packages/adder.sv
Searching for /ecelib/linware/synopsys15/dc/packages/IEEE/adder.sv
Searching for /users/ugrad2/2012/spring/pooriam/libraries/adder.sv
Searching for /users/ugrad/2017/fall/sbkam/EECS_112L/OurLab3/Lab_Files/design/adder.sv
Searching for ./flopr.sv
Searching for /ecelib/linware/synopsys15/dc/libraries/syn/flopr.sv
Searching for /ecelib/linware/synopsys15/dc/packages/flopr.sv
Searching for /ecelib/linware/synopsys15/dc/packages/IEEE/flopr.sv
Searching for /users/ugrad2/2012/spring/pooriam/libraries/flopr.sv
Searching for /users/ugrad/2017/fall/sbkam/EECS_112L/OurLab3/Lab_Files/design/flopr.sv
Searching for ./imm_Gen.sv
Searching for /ecelib/linware/synopsys15/dc/libraries/syn/imm_Gen.sv
Searching for /ecelib/linware/synopsys15/dc/packages/imm_Gen.sv
Searching for /ecelib/linware/synopsys15/dc/packages/IEEE/imm_Gen.sv
Searching for /users/ugrad2/2012/spring/pooriam/libraries/imm_Gen.sv
Searching for /users/ugrad/2017/fall/sbkam/EECS_112L/OurLab3/Lab_Files/design/imm_Gen.sv
Searching for ./mux2.sv
Searching for /ecelib/linware/synopsys15/dc/libraries/syn/mux2.sv
Searching for /ecelib/linware/synopsys15/dc/packages/mux2.sv
Searching for /ecelib/linware/synopsys15/dc/packages/IEEE/mux2.sv
Searching for /users/ugrad2/2012/spring/pooriam/libraries/mux2.sv
Searching for /users/ugrad/2017/fall/sbkam/EECS_112L/OurLab3/Lab_Files/design/mux2.sv
Searching for ./datamemory.sv
Searching for /ecelib/linware/synopsys15/dc/libraries/syn/datamemory.sv
Searching for /ecelib/linware/synopsys15/dc/packages/datamemory.sv
Searching for /ecelib/linware/synopsys15/dc/packages/IEEE/datamemory.sv
Searching for /users/ugrad2/2012/spring/pooriam/libraries/datamemory.sv
Searching for /users/ugrad/2017/fall/sbkam/EECS_112L/OurLab3/Lab_Files/design/datamemory.sv
Searching for ./instructionmemory.sv
Searching for /ecelib/linware/synopsys15/dc/libraries/syn/instructionmemory.sv
Searching for /ecelib/linware/synopsys15/dc/packages/instructionmemory.sv
Searching for /ecelib/linware/synopsys15/dc/packages/IEEE/instructionmemory.sv
Searching for /users/ugrad2/2012/spring/pooriam/libraries/instructionmemory.sv
Searching for /users/ugrad/2017/fall/sbkam/EECS_112L/OurLab3/Lab_Files/design/instructionmemory.sv
Searching for ./ALUController.sv
Searching for /ecelib/linware/synopsys15/dc/libraries/syn/ALUController.sv
Searching for /ecelib/linware/synopsys15/dc/packages/ALUController.sv
Searching for /ecelib/linware/synopsys15/dc/packages/IEEE/ALUController.sv
Searching for /users/ugrad2/2012/spring/pooriam/libraries/ALUController.sv
Searching for /users/ugrad/2017/fall/sbkam/EECS_112L/OurLab3/Lab_Files/design/ALUController.sv
Searching for ./alu.sv
Searching for /ecelib/linware/synopsys15/dc/libraries/syn/alu.sv
Searching for /ecelib/linware/synopsys15/dc/packages/alu.sv
Searching for /ecelib/linware/synopsys15/dc/packages/IEEE/alu.sv
Searching for /users/ugrad2/2012/spring/pooriam/libraries/alu.sv
Searching for /users/ugrad/2017/fall/sbkam/EECS_112L/OurLab3/Lab_Files/design/alu.sv
Searching for ./RegFile.sv
Searching for /ecelib/linware/synopsys15/dc/libraries/syn/RegFile.sv
Searching for /ecelib/linware/synopsys15/dc/packages/RegFile.sv
Searching for /ecelib/linware/synopsys15/dc/packages/IEEE/RegFile.sv
Searching for /users/ugrad2/2012/spring/pooriam/libraries/RegFile.sv
Searching for /users/ugrad/2017/fall/sbkam/EECS_112L/OurLab3/Lab_Files/design/RegFile.sv
Searching for ./Controller.sv
Searching for /ecelib/linware/synopsys15/dc/libraries/syn/Controller.sv
Searching for /ecelib/linware/synopsys15/dc/packages/Controller.sv
Searching for /ecelib/linware/synopsys15/dc/packages/IEEE/Controller.sv
Searching for /users/ugrad2/2012/spring/pooriam/libraries/Controller.sv
Searching for /users/ugrad/2017/fall/sbkam/EECS_112L/OurLab3/Lab_Files/design/Controller.sv
Searching for ./Datapath.sv
Searching for /ecelib/linware/synopsys15/dc/libraries/syn/Datapath.sv
Searching for /ecelib/linware/synopsys15/dc/packages/Datapath.sv
Searching for /ecelib/linware/synopsys15/dc/packages/IEEE/Datapath.sv
Searching for /users/ugrad2/2012/spring/pooriam/libraries/Datapath.sv
Searching for /users/ugrad/2017/fall/sbkam/EECS_112L/OurLab3/Lab_Files/design/Datapath.sv
Searching for ./RISC_V.sv
Searching for /ecelib/linware/synopsys15/dc/libraries/syn/RISC_V.sv
Searching for /ecelib/linware/synopsys15/dc/packages/RISC_V.sv
Searching for /ecelib/linware/synopsys15/dc/packages/IEEE/RISC_V.sv
Searching for /users/ugrad2/2012/spring/pooriam/libraries/RISC_V.sv
Searching for /users/ugrad/2017/fall/sbkam/EECS_112L/OurLab3/Lab_Files/design/RISC_V.sv
Searching for ./Forward_Control.sv
Searching for /ecelib/linware/synopsys15/dc/libraries/syn/Forward_Control.sv
Searching for /ecelib/linware/synopsys15/dc/packages/Forward_Control.sv
Searching for /ecelib/linware/synopsys15/dc/packages/IEEE/Forward_Control.sv
Searching for /users/ugrad2/2012/spring/pooriam/libraries/Forward_Control.sv
Searching for /users/ugrad/2017/fall/sbkam/EECS_112L/OurLab3/Lab_Files/design/Forward_Control.sv
Searching for ./Load_Use_Detection.sv
Searching for /ecelib/linware/synopsys15/dc/libraries/syn/Load_Use_Detection.sv
Searching for /ecelib/linware/synopsys15/dc/packages/Load_Use_Detection.sv
Searching for /ecelib/linware/synopsys15/dc/packages/IEEE/Load_Use_Detection.sv
Searching for /users/ugrad2/2012/spring/pooriam/libraries/Load_Use_Detection.sv
Searching for /users/ugrad/2017/fall/sbkam/EECS_112L/OurLab3/Lab_Files/design/Load_Use_Detection.sv
Searching for ./mux3.sv
Searching for /ecelib/linware/synopsys15/dc/libraries/syn/mux3.sv
Searching for /ecelib/linware/synopsys15/dc/packages/mux3.sv
Searching for /ecelib/linware/synopsys15/dc/packages/IEEE/mux3.sv
Searching for /users/ugrad2/2012/spring/pooriam/libraries/mux3.sv
Searching for /users/ugrad/2017/fall/sbkam/EECS_112L/OurLab3/Lab_Files/design/mux3.sv
Searching for ./Pipe_Reg.sv
Searching for /ecelib/linware/synopsys15/dc/libraries/syn/Pipe_Reg.sv
Searching for /ecelib/linware/synopsys15/dc/packages/Pipe_Reg.sv
Searching for /ecelib/linware/synopsys15/dc/packages/IEEE/Pipe_Reg.sv
Searching for /users/ugrad2/2012/spring/pooriam/libraries/Pipe_Reg.sv
Searching for /users/ugrad/2017/fall/sbkam/EECS_112L/OurLab3/Lab_Files/design/Pipe_Reg.sv
Compiling source file /users/ugrad/2017/fall/sbkam/EECS_112L/OurLab3/Lab_Files/design/adder.sv
Compiling source file /users/ugrad/2017/fall/sbkam/EECS_112L/OurLab3/Lab_Files/design/flopr.sv
Compiling source file /users/ugrad/2017/fall/sbkam/EECS_112L/OurLab3/Lab_Files/design/imm_Gen.sv
Compiling source file /users/ugrad/2017/fall/sbkam/EECS_112L/OurLab3/Lab_Files/design/mux2.sv
Compiling source file /users/ugrad/2017/fall/sbkam/EECS_112L/OurLab3/Lab_Files/design/datamemory.sv
Compiling source file /users/ugrad/2017/fall/sbkam/EECS_112L/OurLab3/Lab_Files/design/instructionmemory.sv
Compiling source file /users/ugrad/2017/fall/sbkam/EECS_112L/OurLab3/Lab_Files/design/ALUController.sv
Compiling source file /users/ugrad/2017/fall/sbkam/EECS_112L/OurLab3/Lab_Files/design/alu.sv
Compiling source file /users/ugrad/2017/fall/sbkam/EECS_112L/OurLab3/Lab_Files/design/RegFile.sv
Compiling source file /users/ugrad/2017/fall/sbkam/EECS_112L/OurLab3/Lab_Files/design/Controller.sv
Compiling source file /users/ugrad/2017/fall/sbkam/EECS_112L/OurLab3/Lab_Files/design/Datapath.sv
Error:  /users/ugrad/2017/fall/sbkam/EECS_112L/OurLab3/Lab_Files/design/Datapath.sv:22: Unable to open file `Pipe_Reg_PKG.pvk': in search_path {/users/ugrad/2017/fall/sbkam/EECS_112L/OurLab3/Lab_Files/syn/WORK . /ecelib/linware/synopsys15/dc/libraries/syn /ecelib/linware/synopsys15/dc/packages /ecelib/linware/synopsys15/dc/packages/IEEE /users/ugrad2/2012/spring/pooriam/libraries/ /users/ugrad/2017/fall/sbkam/EECS_112L/OurLab3/Lab_Files/design /ecelib/linware/synopsys15/dc/packages/IEEE/src/ 112L-RISCV/db ./}. (VER-292)
Error:  /users/ugrad/2017/fall/sbkam/EECS_112L/OurLab3/Lab_Files/design/Datapath.sv:22: Package 'Pipe_Reg_PKG' has not been analyzed for import or content extraction. (VER-224)
Error:  Cannot recover from previous errors. (VER-518)
*** Presto compilation terminated with 3 errors. ***
Loading db file '/users/ugrad2/2012/spring/pooriam/libraries/saed32lvt_tt1p05vn40c.db'
Loading db file '/users/ugrad2/2012/spring/pooriam/libraries/saed32sram_tt1p05vn40c.db'
Loading db file '/ecelib/linware/synopsys15/dc/libraries/syn/dw_foundation.sldb'
0
0
